<?xml version="1.0" encoding="UTF-8" ?>
<testsuite errors="1" failures="0" hostname="wangying" name="testcase.CourseManageTest" tests="1" time="0.0" timestamp="2014-08-05T06:51:00">
  <properties>
[...]
</properties>
  <error message="org/openqa/selenium/WebDriver" type="java.lang.NoClassDefFoundError">java.lang.NoClassDefFoundError: org/openqa/selenium/WebDriver
	at java.lang.Class.forName0(Native Method)
	at java.lang.Class.forName(Class.java:169)
Caused by: java.lang.ClassNotFoundException: org.openqa.selenium.WebDriver
	at java.net.URLClassLoader$1.run(URLClassLoader.java:200)
	at java.security.AccessController.doPrivileged(Native Method)
	at java.net.URLClassLoader.findClass(URLClassLoader.java:188)
	at java.lang.ClassLoader.loadClass(ClassLoader.java:303)
	at sun.misc.Launcher$AppClassLoader.loadClass(Launcher.java:301)
	at java.lang.ClassLoader.loadClass(ClassLoader.java:248)
	at java.lang.ClassLoader.loadClassInternal(ClassLoader.java:316)
</error>
  <system-out><![CDATA[]]></system-out>
  <system-err><![CDATA[]]></system-err>
</testsuite>
